Compose-app/build/outputs/logs/manifest-merger-debug-report.txt
-- Merging decision tree log ---
manifest
ADDED from src/androidMain/AndroidManifest.xml:2:1-40:12
INJECTED from src/androidMain/AndroidManifest.xml:2:1-40:12
INJECTED from src/androidMain/AndroidManifest.xml:2:1-40:12
INJECTED from src/androidMain/AndroidManifest.xml:2:1-40:12
MERGED from [androidx.activity:activity:1.10.1] AndroidManifest.xml:17:1-22:12
MERGED from [org.jetbrains.compose.components:components-resources-android:1.8.2] AndroidManifest.xml:2:1-16:12
MERGED from [io.coil-kt.coil3:coil-compose-android:3.0.0-alpha06] AndroidManifest.xml:2:1-7:12
MERGED from [io.coil-kt.coil3:coil-compose-core-android:3.0.0-alpha06] AndroidManifest.xml:2:1-7:12
MERGED from [org.jetbrains.compose.components:components-ui-tooling-preview-android:1.8.2] AndroidManifest.xml:2:1-7:12
MERGED from [androidx.compose.material3:material3-android:1.3.2] AndroidManifest.xml:17:1-22:12
MERGED from [androidx.compose.material:material-icons-core-android:1.6.0] AndroidManifest.xml:2:1-7:12
MERGED from [androidx.compose.material:material-android:1.6.0] AndroidManifest.xml:2:1-7:12
MERGED from [androidx.compose.animation:animation-core-android:1.8.2] AndroidManifest.xml:2:1-7:12
MERGED from [androidx.compose.material:material-ripple-android:1.8.2] AndroidManifest.xml:2:1-7:12
MERGED from [androidx.compose.animation:animation-android:1.8.2] AndroidManifest.xml:2:1-7:12
MERGED from [androidx.compose.foundation:foundation-layout-android:1.8.2] AndroidManifest.xml:2:1-7:12
MERGED from [androidx.compose.foundation:foundation-android:1.8.2] AndroidManifest.xml:2:1-7:12
MERGED from [org.jetbrains.compose.ui:ui-backhandler-android-debug:1.8.2] AndroidManifest.xml:2:1-7:12
MERGED from [androidx.compose.ui:ui-tooling-data-android:1.8.2] AndroidManifest.xml:2:1-7:12
MERGED from [androidx.compose.ui:ui-unit-android:1.8.2] AndroidManifest.xml:2:1-7:12
MERGED from [androidx.compose.ui:ui-geometry-android:1.8.2] AndroidManifest.xml:2:1-7:12
MERGED from [androidx.compose.ui:ui-graphics-android:1.8.2] AndroidManifest.xml:2:1-7:12
MERGED from [androidx.compose.ui:ui-util-android:1.8.2] AndroidManifest.xml:2:1-7:12
MERGED from [androidx.compose.ui:ui-text-android:1.8.2] AndroidManifest.xml:2:1-7:12
MERGED from [androidx.compose.ui:ui-tooling-android:1.8.2] AndroidManifest.xml:17:1-28:12
MERGED from [androidx.compose.ui:ui-tooling-preview-android:1.8.2] AndroidManifest.xml:17:1-22:12
MERGED from [androidx.media3:media3-ui:1.3.0] AndroidManifest.xml:17:1-22:12
MERGED from [androidx.media3:media3-extractor:1.3.0] AndroidManifest.xml:17:1-22:12
MERGED from [androidx.media3:media3-container:1.3.0] AndroidManifest.xml:17:1-22:12
MERGED from [androidx.media3:media3-datasource:1.3.0] AndroidManifest.xml:17:1-22:12
MERGED from [androidx.media3:media3-decoder:1.3.0] AndroidManifest.xml:17:1-22:12
MERGED from [androidx.media3:media3-database:1.3.0] AndroidManifest.xml:17:1-22:12
MERGED from [androidx.media3:media3-common:1.3.0] AndroidManifest.xml:17:1-24:12
MERGED from [androidx.media3:media3-exoplayer:1.3.0] AndroidManifest.xml:17:1-24:12
MERGED from [androidx.browser:browser:1.5.0] AndroidManifest.xml:17:1-22:12
MERGED from [androidx.media:media:1.7.0] AndroidManifest.xml:2:1-7:12
MERGED from [androidx.recyclerview:recyclerview:1.3.0] AndroidManifest.xml:17:1-22:12
MERGED from [androidx.customview:customview:1.0.0] AndroidManifest.xml:17:1-22:12
MERGED from [androidx.autofill:autofill:1.0.0] AndroidManifest.xml:17:1-24:12
MERGED from [androidx.customview:customview-poolingcontainer:1.0.0] AndroidManifest.xml:17:1-23:12
MERGED from [androidx.emoji2:emoji2:1.4.0] AndroidManifest.xml:17:1-35:12
MERGED from [androidx.lifecycle:lifecycle-process:2.9.2] AndroidManifest.xml:17:1-35:12
MERGED from [androidx.lifecycle:lifecycle-livedata-core:2.9.2] AndroidManifest.xml:17:1-22:12
MERGED from [androidx.lifecycle:lifecycle-runtime-ktx-android:2.9.2] AndroidManifest.xml:2:1-7:12
MERGED from [androidx.lifecycle:lifecycle-viewmodel-savedstate-android:2.9.2] AndroidManifest.xml:17:1-22:12
MERGED from [io.coil-kt.coil3:coil-android:3.0.0-alpha06] AndroidManifest.xml:2:1-7:12
MERGED from [io.coil-kt.coil3:coil-core-android:3.0.0-alpha06] AndroidManifest.xml:2:1-7:12
MERGED from [androidx.savedstate:savedstate-ktx:1.3.1] AndroidManifest.xml:2:1-7:12
MERGED from [androidx.savedstate:savedstate-android:1.3.1] AndroidManifest.xml:17:1-22:12
MERGED from [androidx.core:core-ktx:1.13.1] AndroidManifest.xml:2:1-7:12
MERGED from [androidx.graphics:graphics-path:1.0.1] AndroidManifest.xml:2:1-7:12
MERGED from [androidx.appcompat:appcompat-resources:1.6.1] AndroidManifest.xml:17:1-22:12
MERGED from [androidx.vectordrawable:vectordrawable-animated:1.1.0] AndroidManifest.xml:17:1-24:12
MERGED from [androidx.vectordrawable:vectordrawable:1.1.0] AndroidManifest.xml:17:1-24:12
MERGED from [androidx.core:core:1.13.1] AndroidManifest.xml:17:1-30:12
MERGED from [androidx.lifecycle:lifecycle-runtime-android:2.9.2] AndroidManifest.xml:17:1-22:12
MERGED from [androidx.lifecycle:lifecycle-viewmodel-ktx:2.9.2] AndroidManifest.xml:2:1-7:12
MERGED from [androidx.lifecycle:lifecycle-viewmodel-android:2.9.2] AndroidManifest.xml:17:1-22:12
MERGED from [androidx.lifecycle:lifecycle-runtime-compose-android:2.9.2] AndroidManifest.xml:2:1-7:12
MERGED from [androidx.lifecycle:lifecycle-viewmodel-compose-android:2.9.2] AndroidManifest.xml:2:1-7:12
MERGED from [com.google.accompanist:accompanist-drawablepainter:0.34.0] AndroidManifest.xml:17:1-23:12
MERGED from [androidx.compose.ui:ui-android:1.8.2] AndroidManifest.xml:2:1-7:12
MERGED from [androidx.activity:activity-ktx:1.10.1] AndroidManifest.xml:2:1-7:12
MERGED from [androidx.activity:activity-compose:1.10.1] AndroidManifest.xml:2:1-7:12
MERGED from [androidx.compose.runtime:runtime-saveable-android:1.8.2] AndroidManifest.xml:2:1-7:12
MERGED from [androidx.compose.runtime:runtime-android:1.8.2] AndroidManifest.xml:2:1-7:12
MERGED from [androidx.interpolator:interpolator:1.0.0] AndroidManifest.xml:17:1-22:12
MERGED from [androidx.profileinstaller:profileinstaller:1.4.0] AndroidManifest.xml:17:1-55:12
MERGED from [androidx.startup:startup-runtime:1.1.1] AndroidManifest.xml:17:1-33:12
MERGED from [androidx.tracing:tracing:1.0.0] AndroidManifest.xml:17:1-24:12
MERGED from [androidx.versionedparcelable:versionedparcelable:1.1.1] AndroidManifest.xml:17:1-27:12
MERGED from [androidx.arch.core:core-runtime:2.2.0] AndroidManifest.xml:17:1-22:12
MERGED from [androidx.exifinterface:exifinterface:1.3.7] AndroidManifest.xml:17:1-24:12
MERGED from [androidx.core:core-viewtree:1.0.0] AndroidManifest.xml:2:1-7:12
MERGED from [androidx.annotation:annotation-experimental:1.4.1] AndroidManifest.xml:2:1-7:12
	package
		INJECTED from src/androidMain/AndroidManifest.xml
	android:versionName
		INJECTED from src/androidMain/AndroidManifest.xml
	android:versionCode
		INJECTED from src/androidMain/AndroidManifest.xml
	xmlns:android
		ADDED from src/androidMain/AndroidManifest.xml:2:11-69
uses-permission#android.permission.INTERNET
ADDED from src/androidMain/AndroidManifest.xml:3:5-67
	android:name
		ADDED from src/androidMain/AndroidManifest.xml:3:22-64
application
ADDED from src/androidMain/AndroidManifest.xml:4:5-38:19
INJECTED from src/androidMain/AndroidManifest.xml:4:5-38:19
MERGED from [org.jetbrains.compose.components:components-resources-android:1.8.2] AndroidManifest.xml:7:5-14:19
MERGED from [org.jetbrains.compose.components:components-resources-android:1.8.2] AndroidManifest.xml:7:5-14:19
MERGED from [androidx.compose.ui:ui-tooling-android:1.8.2] AndroidManifest.xml:22:5-26:19
MERGED from [androidx.compose.ui:ui-tooling-android:1.8.2] AndroidManifest.xml:22:5-26:19
MERGED from [androidx.emoji2:emoji2:1.4.0] AndroidManifest.xml:23:5-33:19
MERGED from [androidx.emoji2:emoji2:1.4.0] AndroidManifest.xml:23:5-33:19
MERGED from [androidx.lifecycle:lifecycle-process:2.9.2] AndroidManifest.xml:23:5-33:19
MERGED from [androidx.lifecycle:lifecycle-process:2.9.2] AndroidManifest.xml:23:5-33:19
MERGED from [androidx.core:core:1.13.1] AndroidManifest.xml:28:5-89
MERGED from [androidx.core:core:1.13.1] AndroidManifest.xml:28:5-89
MERGED from [androidx.profileinstaller:profileinstaller:1.4.0] AndroidManifest.xml:23:5-53:19
MERGED from [androidx.profileinstaller:profileinstaller:1.4.0] AndroidManifest.xml:23:5-53:19
MERGED from [androidx.startup:startup-runtime:1.1.1] AndroidManifest.xml:25:5-31:19
MERGED from [androidx.startup:startup-runtime:1.1.1] AndroidManifest.xml:25:5-31:19
MERGED from [androidx.versionedparcelable:versionedparcelable:1.1.1] AndroidManifest.xml:24:5-25:19
MERGED from [androidx.versionedparcelable:versionedparcelable:1.1.1] AndroidManifest.xml:24:5-25:19
	android:extractNativeLibs
		INJECTED from src/androidMain/AndroidManifest.xml
	android:appComponentFactory
		ADDED from [androidx.core:core:1.13.1] AndroidManifest.xml:28:18-86
	android:supportsRtl
		ADDED from src/androidMain/AndroidManifest.xml:10:9-35
	android:label
		ADDED from src/androidMain/AndroidManifest.xml:8:9-41
	android:roundIcon
		ADDED from src/androidMain/AndroidManifest.xml:9:9-54
	android:icon
		ADDED from src/androidMain/AndroidManifest.xml:7:9-43
	android:allowBackup
		ADDED from src/androidMain/AndroidManifest.xml:5:9-35
	android:theme
		ADDED from src/androidMain/AndroidManifest.xml:11:9-66
	android:usesCleartextTraffic
		ADDED from src/androidMain/AndroidManifest.xml:6:9-44
activity#com.example.milewebassignment.MainActivity
ADDED from src/androidMain/AndroidManifest.xml:14:9-37:20
	android:exported
		ADDED from src/androidMain/AndroidManifest.xml:16:13-36
	android:name
		ADDED from src/androidMain/AndroidManifest.xml:15:13-41
intent-filter#action:name:android.intent.action.MAIN+category:name:android.intent.category.LAUNCHER
ADDED from src/androidMain/AndroidManifest.xml:19:13-22:29
action#android.intent.action.MAIN
ADDED from src/androidMain/AndroidManifest.xml:20:17-69
	android:name
		ADDED from src/androidMain/AndroidManifest.xml:20:25-66
category#android.intent.category.LAUNCHER
ADDED from src/androidMain/AndroidManifest.xml:21:17-77
	android:name
		ADDED from src/androidMain/AndroidManifest.xml:21:27-74
intent-filter#action:name:android.intent.action.VIEW+category:name:android.intent.category.BROWSABLE+category:name:android.intent.category.DEFAULT+data:host:oauth+data:host:oauth+data:path:/callback+data:path:/callback+data:scheme:kmp-audio-app+data:scheme:kmp-audio-app
ADDED from src/androidMain/AndroidManifest.xml:25:13-35:29
action#android.intent.action.VIEW
ADDED from src/androidMain/AndroidManifest.xml:26:17-69
	android:name
		ADDED from src/androidMain/AndroidManifest.xml:26:25-66
category#android.intent.category.DEFAULT
ADDED from src/androidMain/AndroidManifest.xml:27:17-76
	android:name
		ADDED from src/androidMain/AndroidManifest.xml:27:27-73
category#android.intent.category.BROWSABLE
ADDED from src/androidMain/AndroidManifest.xml:28:17-78
	android:name
		ADDED from src/androidMain/AndroidManifest.xml:28:27-75
data
ADDED from src/androidMain/AndroidManifest.xml:29:17-101
	android:path
		ADDED from src/androidMain/AndroidManifest.xml:29:75-99
	android:host
		ADDED from src/androidMain/AndroidManifest.xml:29:54-74
	android:scheme
		ADDED from src/androidMain/AndroidManifest.xml:29:23-53
uses-sdk
INJECTED from src/androidMain/AndroidManifest.xml reason: use-sdk injection requested
INJECTED from src/androidMain/AndroidManifest.xml
INJECTED from src/androidMain/AndroidManifest.xml
MERGED from [androidx.activity:activity:1.10.1] AndroidManifest.xml:20:5-44
MERGED from [androidx.activity:activity:1.10.1] AndroidManifest.xml:20:5-44
MERGED from [org.jetbrains.compose.components:components-resources-android:1.8.2] AndroidManifest.xml:5:5-44
MERGED from [org.jetbrains.compose.components:components-resources-android:1.8.2] AndroidManifest.xml:5:5-44
MERGED from [io.coil-kt.coil3:coil-compose-android:3.0.0-alpha06] AndroidManifest.xml:5:5-44
MERGED from [io.coil-kt.coil3:coil-compose-android:3.0.0-alpha06] AndroidManifest.xml:5:5-44
MERGED from [io.coil-kt.coil3:coil-compose-core-android:3.0.0-alpha06] AndroidManifest.xml:5:5-44
MERGED from [io.coil-kt.coil3:coil-compose-core-android:3.0.0-alpha06] AndroidManifest.xml:5:5-44
MERGED from [org.jetbrains.compose.components:components-ui-tooling-preview-android:1.8.2] AndroidManifest.xml:5:5-44
MERGED from [org.jetbrains.compose.components:components-ui-tooling-preview-android:1.8.2] AndroidManifest.xml:5:5-44
MERGED from [androidx.compose.material3:material3-android:1.3.2] AndroidManifest.xml:20:5-44
MERGED from [androidx.compose.material3:material3-android:1.3.2] AndroidManifest.xml:20:5-44
MERGED from [androidx.compose.material:material-icons-core-android:1.6.0] AndroidManifest.xml:5:5-44
MERGED from [androidx.compose.material:material-icons-core-android:1.6.0] AndroidManifest.xml:5:5-44
MERGED from [androidx.compose.material:material-android:1.6.0] AndroidManifest.xml:5:5-44
MERGED from [androidx.compose.material:material-android:1.6.0] AndroidManifest.xml:5:5-44
MERGED from [androidx.compose.animation:animation-core-android:1.8.2] AndroidManifest.xml:5:5-44
MERGED from [androidx.compose.animation:animation-core-android:1.8.2] AndroidManifest.xml:5:5-44
MERGED from [androidx.compose.material:material-ripple-android:1.8.2] AndroidManifest.xml:5:5-44
MERGED from [androidx.compose.material:material-ripple-android:1.8.2] AndroidManifest.xml:5:5-44
MERGED from [androidx.compose.animation:animation-android:1.8.2] AndroidManifest.xml:5:5-44
MERGED from [androidx.compose.animation:animation-android:1.8.2] AndroidManifest.xml:5:5-44
MERGED from [androidx.compose.foundation:foundation-layout-android:1.8.2] AndroidManifest.xml:5:5-44
MERGED from [androidx.compose.foundation:foundation-layout-android:1.8.2] AndroidManifest.xml:5:5-44
MERGED from [androidx.compose.foundation:foundation-android:1.8.2] AndroidManifest.xml:5:5-44
MERGED from [androidx.compose.foundation:foundation-android:1.8.2] AndroidManifest.xml:5:5-44
MERGED from [org.jetbrains.compose.ui:ui-backhandler-android-debug:1.8.2] AndroidManifest.xml:5:5-44
MERGED from [org.jetbrains.compose.ui:ui-backhandler-android-debug:1.8.2] AndroidManifest.xml:5:5-44
MERGED from [androidx.compose.ui:ui-tooling-data-android:1.8.2] AndroidManifest.xml:5:5-44
MERGED from [androidx.compose.ui:ui-tooling-data-android:1.8.2] AndroidManifest.xml:5:5-44
MERGED from [androidx.compose.ui:ui-unit-android:1.8.2] AndroidManifest.xml:5:5-44
MERGED from [androidx.compose.ui:ui-unit-android:1.8.2] AndroidManifest.xml:5:5-44
MERGED from [androidx.compose.ui:ui-geometry-android:1.8.2] AndroidManifest.xml:5:5-44
MERGED from [androidx.compose.ui:ui-geometry-android:1.8.2] AndroidManifest.xml:5:5-44
MERGED from [androidx.compose.ui:ui-graphics-android:1.8.2] AndroidManifest.xml:5:5-44
MERGED from [androidx.compose.ui:ui-graphics-android:1.8.2] AndroidManifest.xml:5:5-44
MERGED from [androidx.compose.ui:ui-util-android:1.8.2] AndroidManifest.xml:5:5-44
MERGED from [androidx.compose.ui:ui-util-android:1.8.2] AndroidManifest.xml:5:5-44
MERGED from [androidx.compose.ui:ui-text-android:1.8.2] AndroidManifest.xml:5:5-44
MERGED from [androidx.compose.ui:ui-text-android:1.8.2] AndroidManifest.xml:5:5-44
MERGED from [androidx.compose.ui:ui-tooling-android:1.8.2] AndroidManifest.xml:20:5-44
MERGED from [androidx.compose.ui:ui-tooling-android:1.8.2] AndroidManifest.xml:20:5-44
MERGED from [androidx.compose.ui:ui-tooling-preview-android:1.8.2] AndroidManifest.xml:20:5-44
MERGED from [androidx.compose.ui:ui-tooling-preview-android:1.8.2] AndroidManifest.xml:20:5-44
MERGED from [androidx.media3:media3-ui:1.3.0] AndroidManifest.xml:20:5-44
MERGED from [androidx.media3:media3-ui:1.3.0] AndroidManifest.xml:20:5-44
MERGED from [androidx.media3:media3-extractor:1.3.0] AndroidManifest.xml:20:5-44
MERGED from [androidx.media3:media3-extractor:1.3.0] AndroidManifest.xml:20:5-44
MERGED from [androidx.media3:media3-container:1.3.0] AndroidManifest.xml:20:5-44
MERGED from [androidx.media3:media3-container:1.3.0] AndroidManifest.xml:20:5-44
MERGED from [androidx.media3:media3-datasource:1.3.0] AndroidManifest.xml:20:5-44
MERGED from [androidx.media3:media3-datasource:1.3.0] AndroidManifest.xml:20:5-44
MERGED from [androidx.media3:media3-decoder:1.3.0] AndroidManifest.xml:20:5-44
MERGED from [androidx.media3:media3-decoder:1.3.0] AndroidManifest.xml:20:5-44
MERGED from [androidx.media3:media3-database:1.3.0] AndroidManifest.xml:20:5-44
MERGED from [androidx.media3:media3-database:1.3.0] AndroidManifest.xml:20:5-44
MERGED from [androidx.media3:media3-common:1.3.0] AndroidManifest.xml:20:5-44
MERGED from [androidx.media3:media3-common:1.3.0] AndroidManifest.xml:20:5-44
MERGED from [androidx.media3:media3-exoplayer:1.3.0] AndroidManifest.xml:20:5-44
MERGED from [androidx.media3:media3-exoplayer:1.3.0] AndroidManifest.xml:20:5-44
MERGED from [androidx.browser:browser:1.5.0] AndroidManifest.xml:20:5-44
MERGED from [androidx.browser:browser:1.5.0] AndroidManifest.xml:20:5-44
MERGED from [androidx.media:media:1.7.0] AndroidManifest.xml:5:5-44
MERGED from [androidx.media:media:1.7.0] AndroidManifest.xml:5:5-44
MERGED from [androidx.recyclerview:recyclerview:1.3.0] AndroidManifest.xml:20:5-44
MERGED from [androidx.recyclerview:recyclerview:1.3.0] AndroidManifest.xml:20:5-44
MERGED from [androidx.customview:customview:1.0.0] AndroidManifest.xml:20:5-44
MERGED from [androidx.customview:customview:1.0.0] AndroidManifest.xml:20:5-44
MERGED from [androidx.autofill:autofill:1.0.0] AndroidManifest.xml:20:5-22:41
MERGED from [androidx.autofill:autofill:1.0.0] AndroidManifest.xml:20:5-22:41
MERGED from [androidx.customview:customview-poolingcontainer:1.0.0] AndroidManifest.xml:20:5-21:38
MERGED from [androidx.customview:customview-poolingcontainer:1.0.0] AndroidManifest.xml:20:5-21:38
MERGED from [androidx.emoji2:emoji2:1.4.0] AndroidManifest.xml:21:5-44
MERGED from [androidx.emoji2:emoji2:1.4.0] AndroidManifest.xml:21:5-44
MERGED from [androidx.lifecycle:lifecycle-process:2.9.2] AndroidManifest.xml:21:5-44
MERGED from [androidx.lifecycle:lifecycle-process:2.9.2] AndroidManifest.xml:21:5-44
MERGED from [androidx.lifecycle:lifecycle-livedata-core:2.9.2] AndroidManifest.xml:20:5-44
MERGED from [androidx.lifecycle:lifecycle-livedata-core:2.9.2] AndroidManifest.xml:20:5-44
MERGED from [androidx.lifecycle:lifecycle-runtime-ktx-android:2.9.2] AndroidManifest.xml:5:5-44
MERGED from [androidx.lifecycle:lifecycle-runtime-ktx-android:2.9.2] AndroidManifest.xml:5:5-44
MERGED from [androidx.lifecycle:lifecycle-viewmodel-savedstate-android:2.9.2] AndroidManifest.xml:20:5-44
MERGED from [androidx.lifecycle:lifecycle-viewmodel-savedstate-android:2.9.2] AndroidManifest.xml:20:5-44
MERGED from [io.coil-kt.coil3:coil-android:3.0.0-alpha06] AndroidManifest.xml:5:5-44
MERGED from [io.coil-kt.coil3:coil-android:3.0.0-alpha06] AndroidManifest.xml:5:5-44
MERGED from [io.coil-kt.coil3:coil-core-android:3.0.0-alpha06] AndroidManifest.xml:5:5-44
MERGED from [io.coil-kt.coil3:coil-core-android:3.0.0-alpha06] AndroidManifest.xml:5:5-44
MERGED from [androidx.savedstate:savedstate-ktx:1.3.1] AndroidManifest.xml:5:5-44
MERGED from [androidx.savedstate:savedstate-ktx:1.3.1] AndroidManifest.xml:5:5-44
MERGED from [androidx.savedstate:savedstate-android:1.3.1] AndroidManifest.xml:20:5-44
MERGED from [androidx.savedstate:savedstate-android:1.3.1] AndroidManifest.xml:20:5-44
MERGED from [androidx.core:core-ktx:1.13.1] AndroidManifest.xml:5:5-44
MERGED from [androidx.core:core-ktx:1.13.1] AndroidManifest.xml:5:5-44
MERGED from [androidx.graphics:graphics-path:1.0.1] AndroidManifest.xml:5:5-44
MERGED from [androidx.graphics:graphics-path:1.0.1] AndroidManifest.xml:5:5-44
MERGED from [androidx.appcompat:appcompat-resources:1.6.1] AndroidManifest.xml:20:5-44
MERGED from [androidx.appcompat:appcompat-resources:1.6.1] AndroidManifest.xml:20:5-44
MERGED from [androidx.vectordrawable:vectordrawable-animated:1.1.0] AndroidManifest.xml:20:5-22:41
MERGED from [androidx.vectordrawable:vectordrawable-animated:1.1.0] AndroidManifest.xml:20:5-22:41
MERGED from [androidx.vectordrawable:vectordrawable:1.1.0] AndroidManifest.xml:20:5-22:41
MERGED from [androidx.vectordrawable:vectordrawable:1.1.0] AndroidManifest.xml:20:5-22:41
MERGED from [androidx.core:core:1.13.1] AndroidManifest.xml:20:5-44
MERGED from [androidx.core:core:1.13.1] AndroidManifest.xml:20:5-44
MERGED from [androidx.lifecycle:lifecycle-runtime-android:2.9.2] AndroidManifest.xml:20:5-44
MERGED from [androidx.lifecycle:lifecycle-runtime-android:2.9.2] AndroidManifest.xml:20:5-44
MERGED from [androidx.lifecycle:lifecycle-viewmodel-ktx:2.9.2] AndroidManifest.xml:5:5-44
MERGED from [androidx.lifecycle:lifecycle-viewmodel-ktx:2.9.2] AndroidManifest.xml:5:5-44
MERGED from [androidx.lifecycle:lifecycle-viewmodel-android:2.9.2] AndroidManifest.xml:20:5-44
MERGED from [androidx.lifecycle:lifecycle-viewmodel-android:2.9.2] AndroidManifest.xml:20:5-44
MERGED from [androidx.lifecycle:lifecycle-runtime-compose-android:2.9.2] AndroidManifest.xml:5:5-44
MERGED from [androidx.lifecycle:lifecycle-runtime-compose-android:2.9.2] AndroidManifest.xml:5:5-44
MERGED from [androidx.lifecycle:lifecycle-viewmodel-compose-android:2.9.2] AndroidManifest.xml:5:5-44
MERGED from [androidx.lifecycle:lifecycle-viewmodel-compose-android:2.9.2] AndroidManifest.xml:5:5-44
MERGED from [com.google.accompanist:accompanist-drawablepainter:0.34.0] AndroidManifest.xml:21:5-44
MERGED from [com.google.accompanist:accompanist-drawablepainter:0.34.0] AndroidManifest.xml:21:5-44
MERGED from [androidx.compose.ui:ui-android:1.8.2] AndroidManifest.xml:5:5-44
MERGED from [androidx.compose.ui:ui-android:1.8.2] AndroidManifest.xml:5:5-44
MERGED from [androidx.activity:activity-ktx:1.10.1] AndroidManifest.xml:5:5-44
MERGED from [androidx.activity:activity-ktx:1.10.1] AndroidManifest.xml:5:5-44
MERGED from [androidx.activity:activity-compose:1.10.1] AndroidManifest.xml:5:5-44
MERGED from [androidx.activity:activity-compose:1.10.1] AndroidManifest.xml:5:5-44
MERGED from [androidx.compose.runtime:runtime-saveable-android:1.8.2] AndroidManifest.xml:5:5-44
MERGED from [androidx.compose.runtime:runtime-saveable-android:1.8.2] AndroidManifest.xml:5:5-44
MERGED from [androidx.compose.runtime:runtime-android:1.8.2] AndroidManifest.xml:5:5-44
MERGED from [androidx.compose.runtime:runtime-android:1.8.2] AndroidManifest.xml:5:5-44
MERGED from [androidx.interpolator:interpolator:1.0.0] AndroidManifest.xml:20:5-44
MERGED from [androidx.interpolator:interpolator:1.0.0] AndroidManifest.xml:20:5-44
MERGED from [androidx.profileinstaller:profileinstaller:1.4.0] AndroidManifest.xml:21:5-44
MERGED from [androidx.profileinstaller:profileinstaller:1.4.0] AndroidManifest.xml:21:5-44
MERGED from [androidx.startup:startup-runtime:1.1.1] AndroidManifest.xml:21:5-23:41
MERGED from [androidx.startup:startup-runtime:1.1.1] AndroidManifest.xml:21:5-23:41
MERGED from [androidx.tracing:tracing:1.0.0] AndroidManifest.xml:20:5-22:41
MERGED from [androidx.tracing:tracing:1.0.0] AndroidManifest.xml:20:5-22:41
MERGED from [androidx.versionedparcelable:versionedparcelable:1.1.1] AndroidManifest.xml:20:5-22:41
MERGED from [androidx.versionedparcelable:versionedparcelable:1.1.1] AndroidManifest.xml:20:5-22:41
MERGED from [androidx.arch.core:core-runtime:2.2.0] AndroidManifest.xml:20:5-44
MERGED from [androidx.arch.core:core-runtime:2.2.0] AndroidManifest.xml:20:5-44
MERGED from [androidx.exifinterface:exifinterface:1.3.7] AndroidManifest.xml:20:5-22:41
MERGED from [androidx.exifinterface:exifinterface:1.3.7] AndroidManifest.xml:20:5-22:41
MERGED from [androidx.core:core-viewtree:1.0.0] AndroidManifest.xml:5:5-44
MERGED from [androidx.core:core-viewtree:1.0.0] AndroidManifest.xml:5:5-44
MERGED from [androidx.annotation:annotation-experimental:1.4.1] AndroidManifest.xml:5:5-44
MERGED from [androidx.annotation:annotation-experimental:1.4.1] AndroidManifest.xml:5:5-44
	android:targetSdkVersion
		INJECTED from src/androidMain/AndroidManifest.xml
	android:minSdkVersion
		INJECTED from src/androidMain/AndroidManifest.xml
provider#org.jetbrains.compose.resources.AndroidContextProvider
ADDED from [org.jetbrains.compose.components:components-resources-android:1.8.2] AndroidManifest.xml:8:9-13:20
	android:enabled
		ADDED from [org.jetbrains.compose.components:components-resources-android:1.8.2] AndroidManifest.xml:11:13-35
	android:authorities
		ADDED from [org.jetbrains.compose.components:components-resources-android:1.8.2] AndroidManifest.xml:10:13-84
	android:exported
		ADDED from [org.jetbrains.compose.components:components-resources-android:1.8.2] AndroidManifest.xml:12:13-37
	android:name
		ADDED from [org.jetbrains.compose.components:components-resources-android:1.8.2] AndroidManifest.xml:9:13-82
activity#androidx.compose.ui.tooling.PreviewActivity
ADDED from [androidx.compose.ui:ui-tooling-android:1.8.2] AndroidManifest.xml:23:9-25:39
	android:exported
		ADDED from [androidx.compose.ui:ui-tooling-android:1.8.2] AndroidManifest.xml:25:13-36
	android:name
		ADDED from [androidx.compose.ui:ui-tooling-android:1.8.2] AndroidManifest.xml:24:13-71
uses-permission#android.permission.ACCESS_NETWORK_STATE
ADDED from [androidx.media3:media3-common:1.3.0] AndroidManifest.xml:22:5-79
MERGED from [androidx.media3:media3-exoplayer:1.3.0] AndroidManifest.xml:22:5-79
MERGED from [androidx.media3:media3-exoplayer:1.3.0] AndroidManifest.xml:22:5-79
	android:name
		ADDED from [androidx.media3:media3-common:1.3.0] AndroidManifest.xml:22:22-76
provider#androidx.startup.InitializationProvider
ADDED from [androidx.emoji2:emoji2:1.4.0] AndroidManifest.xml:24:9-32:20
MERGED from [androidx.lifecycle:lifecycle-process:2.9.2] AndroidManifest.xml:24:9-32:20
MERGED from [androidx.lifecycle:lifecycle-process:2.9.2] AndroidManifest.xml:24:9-32:20
MERGED from [androidx.profileinstaller:profileinstaller:1.4.0] AndroidManifest.xml:24:9-32:20
MERGED from [androidx.profileinstaller:profileinstaller:1.4.0] AndroidManifest.xml:24:9-32:20
MERGED from [androidx.startup:startup-runtime:1.1.1] AndroidManifest.xml:26:9-30:34
MERGED from [androidx.startup:startup-runtime:1.1.1] AndroidManifest.xml:26:9-30:34
	tools:node
		ADDED from [androidx.emoji2:emoji2:1.4.0] AndroidManifest.xml:28:13-31
	android:authorities
		ADDED from [androidx.emoji2:emoji2:1.4.0] AndroidManifest.xml:26:13-68
	android:exported
		ADDED from [androidx.emoji2:emoji2:1.4.0] AndroidManifest.xml:27:13-37
	android:name
		ADDED from [androidx.emoji2:emoji2:1.4.0] AndroidManifest.xml:25:13-67
meta-data#androidx.emoji2.text.EmojiCompatInitializer
ADDED from [androidx.emoji2:emoji2:1.4.0] AndroidManifest.xml:29:13-31:52
	android:value
		ADDED from [androidx.emoji2:emoji2:1.4.0] AndroidManifest.xml:31:17-49
	android:name
		ADDED from [androidx.emoji2:emoji2:1.4.0] AndroidManifest.xml:30:17-75
meta-data#androidx.lifecycle.ProcessLifecycleInitializer
ADDED from [androidx.lifecycle:lifecycle-process:2.9.2] AndroidManifest.xml:29:13-31:52
	android:value
		ADDED from [androidx.lifecycle:lifecycle-process:2.9.2] AndroidManifest.xml:31:17-49
	android:name
		ADDED from [androidx.lifecycle:lifecycle-process:2.9.2] AndroidManifest.xml:30:17-78
permission#${applicationId}.DYNAMIC_RECEIVER_NOT_EXPORTED_PERMISSION
ADDED from [androidx.core:core:1.13.1] AndroidManifest.xml:22:5-24:47
	android:protectionLevel
		ADDED from [androidx.core:core:1.13.1] AndroidManifest.xml:24:9-44
	android:name
		ADDED from [androidx.core:core:1.13.1] AndroidManifest.xml:23:9-81
permission#com.example.milewebassignment.DYNAMIC_RECEIVER_NOT_EXPORTED_PERMISSION
ADDED from [androidx.core:core:1.13.1] AndroidManifest.xml:22:5-24:47
	android:protectionLevel
		ADDED from [androidx.core:core:1.13.1] AndroidManifest.xml:24:9-44
	android:name
		ADDED from [androidx.core:core:1.13.1] AndroidManifest.xml:23:9-81
uses-permission#${applicationId}.DYNAMIC_RECEIVER_NOT_EXPORTED_PERMISSION
ADDED from [androidx.core:core:1.13.1] AndroidManifest.xml:26:5-97
	android:name
		ADDED from [androidx.core:core:1.13.1] AndroidManifest.xml:26:22-94
uses-permission#com.example.milewebassignment.DYNAMIC_RECEIVER_NOT_EXPORTED_PERMISSION
ADDED from [androidx.core:core:1.13.1] AndroidManifest.xml:26:5-97
	android:name
		ADDED from [androidx.core:core:1.13.1] AndroidManifest.xml:26:22-94
meta-data#androidx.profileinstaller.ProfileInstallerInitializer
ADDED from [androidx.profileinstaller:profileinstaller:1.4.0] AndroidManifest.xml:29:13-31:52
	android:value
		ADDED from [androidx.profileinstaller:profileinstaller:1.4.0] AndroidManifest.xml:31:17-49
	android:name
		ADDED from [androidx.profileinstaller:profileinstaller:1.4.0] AndroidManifest.xml:30:17-85
receiver#androidx.profileinstaller.ProfileInstallReceiver
ADDED from [androidx.profileinstaller:profileinstaller:1.4.0] AndroidManifest.xml:34:9-52:20
	android:enabled
		ADDED from [androidx.profileinstaller:profileinstaller:1.4.0] AndroidManifest.xml:37:13-35
	android:exported
		ADDED from [androidx.profileinstaller:profileinstaller:1.4.0] AndroidManifest.xml:38:13-36
	android:permission
		ADDED from [androidx.profileinstaller:profileinstaller:1.4.0] AndroidManifest.xml:39:13-57
	android:directBootAware
		ADDED from [androidx.profileinstaller:profileinstaller:1.4.0] AndroidManifest.xml:36:13-44
	android:name
		ADDED from [androidx.profileinstaller:profileinstaller:1.4.0] AndroidManifest.xml:35:13-76
intent-filter#action:name:androidx.profileinstaller.action.INSTALL_PROFILE
ADDED from [androidx.profileinstaller:profileinstaller:1.4.0] AndroidManifest.xml:40:13-42:29
action#androidx.profileinstaller.action.INSTALL_PROFILE
ADDED from [androidx.profileinstaller:profileinstaller:1.4.0] AndroidManifest.xml:41:17-91
	android:name
		ADDED from [androidx.profileinstaller:profileinstaller:1.4.0] AndroidManifest.xml:41:25-88
intent-filter#action:name:androidx.profileinstaller.action.SKIP_FILE
ADDED from [androidx.profileinstaller:profileinstaller:1.4.0] AndroidManifest.xml:43:13-45:29
action#androidx.profileinstaller.action.SKIP_FILE